<?xml version="1.0" encoding="UTF-8"?>
<testsuite name="utils.FileIOTest" tests="1" skipped="0" failures="0" errors="0" timestamp="2019-10-17T16:13:00" hostname="DESKTOP-QJOGA6J" time="0.001">
  <properties/>
  <testcase name="changeExtension()" classname="utils.FileIOTest" time="0.001"/>
  <system-out><![CDATA[]]></system-out>
  <system-err><![CDATA[]]></system-err>
</testsuite>
