<?xml version="1.0" encoding="UTF-8"?>
<testsuite name="algorithms.LZ78Test" tests="1" skipped="0" failures="0" errors="0" timestamp="2019-10-17T16:13:00" hostname="DESKTOP-QJOGA6J" time="0.009">
  <properties/>
  <testcase name="testLZ78()" classname="algorithms.LZ78Test" time="0.009"/>
  <system-out><![CDATA[]]></system-out>
  <system-err><![CDATA[]]></system-err>
</testsuite>
